01.12.2022 02:28:24   Oturum Açma İşlemi Başarılı alipltc@hotmail.com
01.12.2022 12:59:46   Oturum Açma İşlemi Başarılı msbatal@gmail.com
01.12.2022 14:55:59   Oturum Açma İşlemi Başarılı alipltc@hotmail.com
01.12.2022 14:57:17   Oturum Açma İşlemi Başarılı alipltc@hotmail.com
01.12.2022 14:59:18   Oturum Açma İşlemi Başarılı alipltc@hotmail.com
01.12.2022 15:04:43   Oturum Açma İşlemi Başarısız Hesap = []
01.12.2022 15:06:47   Oturum Açma İşlemi Başarılı alipltc@hotmail.com
01.12.2022 15:07:30   Oturum Açma İşlemi Başarılı alipltc@hotmail.com
01.12.2022 15:17:17   Oturum Açma İşlemi Başarılı alipltc@hotmail.com
01.12.2022 15:35:54   Oturum Açma İşlemi Başarılı alipltc@hotmail.com
01.12.2022 15:36:45   Oturum Açma İşlemi Başarılı alipltc@hotmail.com
01.12.2022 15:39:15   Oturum Açma İşlemi Başarılı alipltc@hotmail.com
01.12.2022 15:58:00   Ekleme İşlemi basarili
01.12.2022 15:58:19   Güncelleme İşlemi basarili id=29
01.12.2022 15:59:03   Silme İşlemi basarili id=29
01.12.2022 16:47:39   Oturum Açma İşlemi Başarılı alipltc@hotmail.com
01.12.2022 16:49:40   Güncelleme İşlemi hata id=1
01.12.2022 16:51:08   Güncelleme İşlemi hata id=27
01.12.2022 16:51:52   Güncelleme İşlemi eksik id=27
01.12.2022 17:09:37   Oturum Açma İşlemi Başarılı alipltc@hotmail.com
01.12.2022 17:27:16   Oturum Açma İşlemi Başarılı alipltc@hotmail.com
01.12.2022 19:07:43   Oturum Açma İşlemi Başarılı alipltc@hotmail.com
01.12.2022 19:22:34   Oturum Açma İşlemi Başarılı alipltc@hotmail.com
01.12.2022 19:34:01   Ekleme İşlemi basarili
01.12.2022 19:34:29   Güncelleme İşlemi basarili id=30
01.12.2022 19:39:12   Oturum Açma İşlemi Başarısız Hesap = [alipltc@hotmail.com]
01.12.2022 19:39:15   Oturum Açma İşlemi Başarılı alipltc@hotmail.com
01.12.2022 19:42:45   Silme İşlemi basarili id=11
01.12.2022 19:44:38   Ekleme İşlemi basarili
01.12.2022 19:45:48   Oturum Açma İşlemi Başarılı alipltc@hotmail.com
01.12.2022 19:46:37   Ekleme İşlemi basarili
01.12.2022 19:47:27   Ekleme İşlemi basarili
01.12.2022 19:47:55   Silme İşlemi basarili id=31
01.12.2022 19:52:20   Güncelleme İşlemi basarili id=33
01.12.2022 20:00:08   Silme İşlemi basarili id=33
01.12.2022 20:02:29   Silme İşlemi basarili id=32
01.12.2022 20:05:28   Silme İşlemi basarili id=30
01.12.2022 20:07:35   Silme İşlemi basarili id=27
01.12.2022 20:11:14   Ekleme İşlemi basarili
01.12.2022 20:11:23   Silme İşlemi basarili id=34
01.12.2022 20:17:44   Ekleme İşlemi basarili
01.12.2022 20:18:46   Ekleme İşlemi basarili
01.12.2022 20:20:12   Ekleme İşlemi basarili
01.12.2022 20:21:12   Ekleme İşlemi basarili
01.12.2022 20:23:32   Ekleme İşlemi basarili
01.12.2022 20:31:44   Ekleme İşlemi basarili
01.12.2022 20:39:46   Ekleme İşlemi basarili
01.12.2022 20:43:24   Güncelleme İşlemi basarili id=10
01.12.2022 20:53:23   Oturum Açma İşlemi Başarılı msbatal@gmail.com
01.12.2022 21:04:29   Ekleme İşlemi basarili
01.12.2022 21:06:19   Silme İşlemi basarili id=39
01.12.2022 21:07:05   Güncelleme İşlemi basarili id=42
01.12.2022 21:08:01   Ekleme İşlemi basarili
01.12.2022 21:09:23   Güncelleme İşlemi basarili id=42
01.12.2022 21:10:14   Ekleme İşlemi basarili
01.12.2022 21:10:47   Silme İşlemi basarili id=43
01.12.2022 21:20:19   Güncelleme İşlemi basarili id=44
01.12.2022 21:22:04   Güncelleme İşlemi basarili id=44
01.12.2022 22:00:34   Oturum Açma İşlemi Başarılı alipltc@hotmail.com
01.12.2022 22:05:12   Ekleme İşlemi basarili
01.12.2022 22:05:24   Ekleme İşlemi eksik
01.12.2022 22:06:20   Güncelleme İşlemi basarili id=45
01.12.2022 22:08:27   Güncelleme İşlemi basarili id=45
01.12.2022 22:27:58   Oturum Açma İşlemi Başarılı alipltc@hotmail.com
01.12.2022 22:29:12   Güncelleme İşlemi basarili id=45
01.12.2022 22:52:49   Silme İşlemi basarili id=45
01.12.2022 22:59:46   Ekleme İşlemi basarili
01.12.2022 23:01:26   Ekleme İşlemi basarili
01.12.2022 23:01:52   Silme İşlemi basarili id=47
01.12.2022 23:01:57   Silme İşlemi basarili id=46
01.12.2022 23:12:09   Ekleme İşlemi basarili
01.12.2022 23:13:29   Güncelleme İşlemi basarili id=48
